Arguments: 
  /usr/local/bin/node /usr/local/Cellar/yarn/1.19.1/libexec/bin/yarn.js

PATH: 
  /usr/local/bin:/usr/bin:/bin:/usr/sbin:/sbin:/Library/Apple/usr/bin:/Library/Apple/bin:/Users/u17860749/Desktop/sberhack/node_modules/.bin

Yarn version: 
  1.19.1

Node version: 
  11.9.0

Platform: 
  darwin x64

Trace: 
  Error: self signed certificate in certificate chain
      at TLSSocket.onConnectSecure (_tls_wrap.js:1140:34)
      at TLSSocket.emit (events.js:197:13)
      at TLSSocket._finishInit (_tls_wrap.js:631:8)

npm manifest: 
  {
    "name": "sberhack",
    "version": "0.1.0",
    "private": true,
    "dependencies": {
      "history": "latest",
      "react": "^16.9.0",
      "react-dom": "^16.9.0",
      "react-router": "^5.1.0",
      "react-router-dom": "^5.1.2",
      "react-scripts": "3.1.2",
      "semantic-ui-css": "^2.4.1",
      "semantic-ui-react": "^0.88.1",
      "victory": "^33.1.0"
    },
    "scripts": {
      "start": "react-scripts start",
      "build": "react-scripts build",
      "test": "react-scripts test",
      "eject": "react-scripts eject"
    },
    "eslintConfig": {
      "extends": "react-app"
    },
    "browserslist": {
      "production": [
        ">0.2%",
        "not dead",
        "not op_mini all"
      ],
      "development": [
        "last 1 chrome version",
        "last 1 firefox version",
        "last 1 safari version"
      ]
    }
  }

yarn manifest: 
  No manifest

Lockfile: 
  No lockfile
